Log directory is: cope1.feat
Setting up:
ntptsing=10.000000 

evs_group=1.000000 

No f contrasts

WARNING: The passed in varcope file, varcope1, contains voxels inside the mask with zero (or negative) values. These voxels will be excluded from the analysis.
nevs=1
ntpts=10
ngs=1
nvoxels=156257
Running:
nmaskvoxels=156257
 1 2 3 4 5 6 7 8 9 10 11 12 13 14 15 16 17 18 19 20 21 22 23 24 25 26 27 28 29 30 31 32 33 34 35 36 37 38 39 40 41 42 43 44 45 46 47 48 49 50 51 52 53 54 55 56 57 58 59 60 61 62 63 64 65 66 67 68 69 70 71 72 73 74 75 76 77 78 79 80 81 82 83 84 85 86 87 88 89 90 91 92 93 94 95 96 97 98 99 100
nmaskvoxels=156257
Saving results

Log directory was: cope1.feat
Log directory is: cope2.feat
Setting up:
ntptsing=10.000000 

evs_group=1.000000 

No f contrasts

WARNING: The passed in varcope file, varcope2, contains voxels inside the mask with zero (or negative) values. These voxels will be excluded from the analysis.
nevs=1
ntpts=10
ngs=1
nvoxels=156257
Running:
nmaskvoxels=156257
 1 2 3 4 5 6 7 8 9 10 11 12 13 14 15 16 17 18 19 20 21 22 23 24 25 26 27 28 29 30 31 32 33 34 35 36 37 38 39 40 41 42 43 44 45 46 47 48 49 50 51 52 53 54 55 56 57 58 59 60 61 62 63 64 65 66 67 68 69 70 71 72 73 74 75 76 77 78 79 80 81 82 83 84 85 86 87 88 89 90 91 92 93 94 95 96 97 98 99 100
nmaskvoxels=156257
Saving results

Log directory was: cope2.feat
Log directory is: cope3.feat
Setting up:
ntptsing=10.000000 

evs_group=1.000000 

No f contrasts

WARNING: The passed in varcope file, varcope3, contains voxels inside the mask with zero (or negative) values. These voxels will be excluded from the analysis.
nevs=1
ntpts=10
ngs=1
nvoxels=156257
Running:
nmaskvoxels=156257
 1 2 3 4 5 6 7 8 9 10 11 12 13 14 15 16 17 18 19 20 21 22 23 24 25 26 27 28 29 30 31 32 33 34 35 36 37 38 39 40 41 42 43 44 45 46 47 48 49 50 51 52 53 54 55 56 57 58 59 60 61 62 63 64 65 66 67 68 69 70 71 72 73 74 75 76 77 78 79 80 81 82 83 84 85 86 87 88 89 90 91 92 93 94 95 96 97 98 99 100
nmaskvoxels=156257
Saving results

Log directory was: cope3.feat
